<?xml version="1.0" encoding="UTF-8"?>
<!-- Generated by org.testng.reporters.JUnitReportReporter -->
<testsuite hostname="WIN-URGO2HJ69J8" failures="0" tests="1" name="Tests.testprdwithDDtandExcel" time="0.000" errors="0" timestamp="2022-02-05T00:50:17 EET" skipped="1">
  <testcase classname="Tests.testprdwithDDtandExcel" name="productCreation" time="0.000">
    <skipped/>
  </testcase> <!-- productCreation -->
  <system-out/>
</testsuite> <!-- Tests.testprdwithDDtandExcel -->
