<?xml version="1.0" encoding="UTF-8"?>
<!-- Generated by org.testng.reporters.JUnitReportReporter -->
<testsuite hostname="WIN-URGO2HJ69J8" failures="0" tests="1" name="Tests.testprd" time="13.731" errors="0" timestamp="2022-02-05T23:51:42 EET" skipped="0">
  <testcase classname="Tests.testprd" name="productCreation" time="13.731"/>
  <system-out/>
</testsuite> <!-- Tests.testprd -->
